<?xml version="1.0" encoding="UTF-8"?>
<testng-results skipped="0" failed="0" ignored="0" total="1" passed="1">
  <reporter-output>
  </reporter-output>
  <suite name="Regression TestSuite" duration-ms="20155" started-at="2018-11-18T00:33:37Z" finished-at="2018-11-18T00:33:57Z">
    <groups>
    </groups>
    <test name="Application Test" duration-ms="20155" started-at="2018-11-18T00:33:37Z" finished-at="2018-11-18T00:33:57Z">
      <class name="com.expedia.flightsbooking.TestNG_TestSuite">
        <test-method status="PASS" signature="beforeClass()[pri:0, instance:com.expedia.flightsbooking.TestNG_TestSuite@63a12c68]" name="beforeClass" is-config="true" duration-ms="13315" started-at="2018-11-18T00:33:37Z" finished-at="2018-11-18T00:33:50Z">
          <reporter-output>
          </reporter-output>
        </test-method> <!-- beforeClass -->
        <test-method status="PASS" signature="fillBasicInfo()[pri:0, instance:com.expedia.flightsbooking.TestNG_TestSuite@63a12c68]" name="fillBasicInfo" duration-ms="6214" started-at="2018-11-18T00:33:50Z" finished-at="2018-11-18T00:33:56Z">
          <reporter-output>
          </reporter-output>
        </test-method> <!-- fillBasicInfo -->
        <test-method status="PASS" signature="afterClass()[pri:0, instance:com.expedia.flightsbooking.TestNG_TestSuite@63a12c68]" name="afterClass" is-config="true" duration-ms="589" started-at="2018-11-18T00:33:56Z" finished-at="2018-11-18T00:33:57Z">
          <reporter-output>
          </reporter-output>
        </test-method> <!-- afterClass -->
      </class> <!-- com.expedia.flightsbooking.TestNG_TestSuite -->
    </test> <!-- Application Test -->
  </suite> <!-- Regression TestSuite -->
</testng-results>
