<?xml version="1.0" encoding="UTF-8"?>
<!-- Generated by org.testng.reporters.JUnitXMLReporter -->
<testsuite hostname="Sandeeps-MacBook-Air.local" ignored="0" name="Groups Demo" tests="4" failures="0" timestamp="18 Nov 2018 00:32:08 GMT" time="0.071" errors="0">
  <testcase name="testAudiA6" time="0.001" classname="com.expedia.flightsbooking.TestNG_Grouping"/>
  <testcase name="testBMWX6" time="0.0" classname="com.expedia.flightsbooking.TestNG_Grouping"/>
  <testcase name="testHondaCBR" time="0.001" classname="com.expedia.flightsbooking.TestNG_Grouping"/>
  <testcase name="testNinja" time="0.0" classname="com.expedia.flightsbooking.TestNG_Grouping"/>
</testsuite> <!-- Groups Demo -->
